This is pdfTeX, Version 3.1415926-2.3-1.40.12 (MiKTeX 2.9) (preloaded format=pdflatex 2012.11.6)  24 NOV 2012 19:00
entering extended mode
**rapport.tex

(C:\Users\Marc-Andre\Documents\GitHub\LOG350.TP3\WpfApplication2\Rapport\rappor
t.tex
LaTeX2e <2011/06/27>
Babel <v3.8m> and hyphenation patterns for english, afrikaans, ancientgreek, ar
abic, armenian, assamese, basque, bengali, bokmal, bulgarian, catalan, coptic, 
croatian, czech, danish, dutch, esperanto, estonian, farsi, finnish, french, ga
lician, german, german-x-2009-06-19, greek, gujarati, hindi, hungarian, iceland
ic, indonesian, interlingua, irish, italian, kannada, kurmanji, lao, latin, lat
vian, lithuanian, malayalam, marathi, mongolian, mongolianlmc, monogreek, ngerm
an, ngerman-x-2009-06-19, nynorsk, oriya, panjabi, pinyin, polish, portuguese, 
romanian, russian, sanskrit, serbian, slovak, slovenian, spanish, swedish, swis
sgerman, tamil, telugu, turkish, turkmen, ukenglish, ukrainian, uppersorbian, u
senglishmax, welsh, loaded.

(C:\Users\Marc-Andre\Documents\GitHub\LOG350.TP3\WpfApplication2\Rapport\thETS.
cls
Document Class: thETS 2003/01/24 Standard ETS class
("D:\Program Files (x86)\New folder\tex\latex\base\book.cls"
Document Class: book 2007/10/19 v1.4h Standard LaTeX document class
("D:\Program Files (x86)\New folder\tex\latex\base\bk12.clo"
File: bk12.clo 2007/10/19 v1.4h Standard LaTeX file (size option)
)
\c@part=\count79
\c@chapter=\count80
\c@section=\count81
\c@subsection=\count82
\c@subsubsection=\count83
\c@paragraph=\count84
\c@subparagraph=\count85
\c@figure=\count86
\c@table=\count87
\abovecaptionskip=\skip41
\belowcaptionskip=\skip42
\bibindent=\dimen102
)
("D:\Program Files (x86)\New folder\tex\latex\psnfss\mathptmx.sty"
Package: mathptmx 2005/04/12 PSNFSS-v9.2a Times w/ Math, improved (SPQR, WaS) 
LaTeX Font Info:    Redeclaring symbol font `operators' on input line 28.
LaTeX Font Info:    Overwriting symbol font `operators' in version `normal'
(Font)                  OT1/cmr/m/n --> OT1/ztmcm/m/n on input line 28.
LaTeX Font Info:    Overwriting symbol font `operators' in version `bold'
(Font)                  OT1/cmr/bx/n --> OT1/ztmcm/m/n on input line 28.
LaTeX Font Info:    Redeclaring symbol font `letters' on input line 29.
LaTeX Font Info:    Overwriting symbol font `letters' in version `normal'
(Font)                  OML/cmm/m/it --> OML/ztmcm/m/it on input line 29.
LaTeX Font Info:    Overwriting symbol font `letters' in version `bold'
(Font)                  OML/cmm/b/it --> OML/ztmcm/m/it on input line 29.
LaTeX Font Info:    Redeclaring symbol font `symbols' on input line 30.
LaTeX Font Info:    Overwriting symbol font `symbols' in version `normal'
(Font)                  OMS/cmsy/m/n --> OMS/ztmcm/m/n on input line 30.
LaTeX Font Info:    Overwriting symbol font `symbols' in version `bold'
(Font)                  OMS/cmsy/b/n --> OMS/ztmcm/m/n on input line 30.
LaTeX Font Info:    Redeclaring symbol font `largesymbols' on input line 31.
LaTeX Font Info:    Overwriting symbol font `largesymbols' in version `normal'
(Font)                  OMX/cmex/m/n --> OMX/ztmcm/m/n on input line 31.
LaTeX Font Info:    Overwriting symbol font `largesymbols' in version `bold'
(Font)                  OMX/cmex/m/n --> OMX/ztmcm/m/n on input line 31.
\symbold=\mathgroup4
\symitalic=\mathgroup5
LaTeX Font Info:    Redeclaring math alphabet \mathbf on input line 34.
LaTeX Font Info:    Overwriting math alphabet `\mathbf' in version `normal'
(Font)                  OT1/cmr/bx/n --> OT1/ptm/bx/n on input line 34.
LaTeX Font Info:    Overwriting math alphabet `\mathbf' in version `bold'
(Font)                  OT1/cmr/bx/n --> OT1/ptm/bx/n on input line 34.
LaTeX Font Info:    Redeclaring math alphabet \mathit on input line 35.
LaTeX Font Info:    Overwriting math alphabet `\mathit' in version `normal'
(Font)                  OT1/cmr/m/it --> OT1/ptm/m/it on input line 35.
LaTeX Font Info:    Overwriting math alphabet `\mathit' in version `bold'
(Font)                  OT1/cmr/bx/it --> OT1/ptm/m/it on input line 35.
LaTeX Info: Redefining \hbar on input line 50.
)
("D:\Program Files (x86)\New folder\tex\generic\babel\babel.sty"
Package: babel 2008/07/08 v3.8m The Babel package

*************************************
* Local config file bblopts.cfg used
*
("D:\Program Files (x86)\New folder\tex\latex\00miktex\bblopts.cfg"
File: bblopts.cfg 2006/07/31 v1.0 MiKTeX 'babel' configuration
)
("D:\Program Files (x86)\New folder\tex\generic\babel\frenchb.ldf"
Language: frenchb 2009/03/16 v2.3d French support from the babel system

("D:\Program Files (x86)\New folder\tex\generic\babel\babel.def"
File: babel.def 2008/07/08 v3.8m Babel common definitions
\babel@savecnt=\count88
\U@D=\dimen103
)
Package babel Info: Making : an active character on input line 120.
Package babel Info: Making ; an active character on input line 121.
Package babel Info: Making ! an active character on input line 122.
Package babel Info: Making ? an active character on input line 123.
\FB@Mht=\dimen104
\std@mcc=\count89
\dec@mcc=\count90
\parindentFFN=\dimen105

*************************************
* Local config file frenchb.cfg used
*
("D:\Program Files (x86)\New folder\tex\generic\babel\frenchb.cfg")))
("D:\Program Files (x86)\New folder\tex\latex\carlisle\scalefnt.sty")
("D:\Program Files (x86)\New folder\tex\latex\graphics\keyval.sty"
Package: keyval 1999/03/16 v1.13 key=value parser (DPC)
\KV@toks@=\toks14
)
("D:\Program Files (x86)\New folder\tex\latex\base\inputenc.sty"
Package: inputenc 2008/03/30 v1.1d Input encoding file
\inpenc@prehook=\toks15
\inpenc@posthook=\toks16

("D:\Program Files (x86)\New folder\tex\latex\base\utf8.def"
File: utf8.def 2008/04/05 v1.1m UTF-8 support for inputenc
Now handling font encoding OML ...
... no UTF-8 mapping file for font encoding OML
Now handling font encoding T1 ...
... processing UTF-8 mapping file for font encoding T1

("D:\Program Files (x86)\New folder\tex\latex\base\t1enc.dfu"
File: t1enc.dfu 2008/04/05 v1.1m UTF-8 support for inputenc
   defining Unicode char U+00A1 (decimal 161)
   defining Unicode char U+00A3 (decimal 163)
   defining Unicode char U+00AB (decimal 171)
   defining Unicode char U+00BB (decimal 187)
   defining Unicode char U+00BF (decimal 191)
   defining Unicode char U+00C0 (decimal 192)
   defining Unicode char U+00C1 (decimal 193)
   defining Unicode char U+00C2 (decimal 194)
   defining Unicode char U+00C3 (decimal 195)
   defining Unicode char U+00C4 (decimal 196)
   defining Unicode char U+00C5 (decimal 197)
   defining Unicode char U+00C6 (decimal 198)
   defining Unicode char U+00C7 (decimal 199)
   defining Unicode char U+00C8 (decimal 200)
   defining Unicode char U+00C9 (decimal 201)
   defining Unicode char U+00CA (decimal 202)
   defining Unicode char U+00CB (decimal 203)
   defining Unicode char U+00CC (decimal 204)
   defining Unicode char U+00CD (decimal 205)
   defining Unicode char U+00CE (decimal 206)
   defining Unicode char U+00CF (decimal 207)
   defining Unicode char U+00D0 (decimal 208)
   defining Unicode char U+00D1 (decimal 209)
   defining Unicode char U+00D2 (decimal 210)
   defining Unicode char U+00D3 (decimal 211)
   defining Unicode char U+00D4 (decimal 212)
   defining Unicode char U+00D5 (decimal 213)
   defining Unicode char U+00D6 (decimal 214)
   defining Unicode char U+00D8 (decimal 216)
   defining Unicode char U+00D9 (decimal 217)
   defining Unicode char U+00DA (decimal 218)
   defining Unicode char U+00DB (decimal 219)
   defining Unicode char U+00DC (decimal 220)
   defining Unicode char U+00DD (decimal 221)
   defining Unicode char U+00DE (decimal 222)
   defining Unicode char U+00DF (decimal 223)
   defining Unicode char U+00E0 (decimal 224)
   defining Unicode char U+00E1 (decimal 225)
   defining Unicode char U+00E2 (decimal 226)
   defining Unicode char U+00E3 (decimal 227)
   defining Unicode char U+00E4 (decimal 228)
   defining Unicode char U+00E5 (decimal 229)
   defining Unicode char U+00E6 (decimal 230)
   defining Unicode char U+00E7 (decimal 231)
   defining Unicode char U+00E8 (decimal 232)
   defining Unicode char U+00E9 (decimal 233)
   defining Unicode char U+00EA (decimal 234)
   defining Unicode char U+00EB (decimal 235)
   defining Unicode char U+00EC (decimal 236)
   defining Unicode char U+00ED (decimal 237)
   defining Unicode char U+00EE (decimal 238)
   defining Unicode char U+00EF (decimal 239)
   defining Unicode char U+00F0 (decimal 240)
   defining Unicode char U+00F1 (decimal 241)
   defining Unicode char U+00F2 (decimal 242)
   defining Unicode char U+00F3 (decimal 243)
   defining Unicode char U+00F4 (decimal 244)
   defining Unicode char U+00F5 (decimal 245)
   defining Unicode char U+00F6 (decimal 246)
   defining Unicode char U+00F8 (decimal 248)
   defining Unicode char U+00F9 (decimal 249)
   defining Unicode char U+00FA (decimal 250)
   defining Unicode char U+00FB (decimal 251)
   defining Unicode char U+00FC (decimal 252)
   defining Unicode char U+00FD (decimal 253)
   defining Unicode char U+00FE (decimal 254)
   defining Unicode char U+00FF (decimal 255)
   defining Unicode char U+0102 (decimal 258)
   defining Unicode char U+0103 (decimal 259)
   defining Unicode char U+0104 (decimal 260)
   defining Unicode char U+0105 (decimal 261)
   defining Unicode char U+0106 (decimal 262)
   defining Unicode char U+0107 (decimal 263)
   defining Unicode char U+010C (decimal 268)
   defining Unicode char U+010D (decimal 269)
   defining Unicode char U+010E (decimal 270)
   defining Unicode char U+010F (decimal 271)
   defining Unicode char U+0110 (decimal 272)
   defining Unicode char U+0111 (decimal 273)
   defining Unicode char U+0118 (decimal 280)
   defining Unicode char U+0119 (decimal 281)
   defining Unicode char U+011A (decimal 282)
   defining Unicode char U+011B (decimal 283)
   defining Unicode char U+011E (decimal 286)
   defining Unicode char U+011F (decimal 287)
   defining Unicode char U+0130 (decimal 304)
   defining Unicode char U+0131 (decimal 305)
   defining Unicode char U+0132 (decimal 306)
   defining Unicode char U+0133 (decimal 307)
   defining Unicode char U+0139 (decimal 313)
   defining Unicode char U+013A (decimal 314)
   defining Unicode char U+013D (decimal 317)
   defining Unicode char U+013E (decimal 318)
   defining Unicode char U+0141 (decimal 321)
   defining Unicode char U+0142 (decimal 322)
   defining Unicode char U+0143 (decimal 323)
   defining Unicode char U+0144 (decimal 324)
   defining Unicode char U+0147 (decimal 327)
   defining Unicode char U+0148 (decimal 328)
   defining Unicode char U+014A (decimal 330)
   defining Unicode char U+014B (decimal 331)
   defining Unicode char U+0150 (decimal 336)
   defining Unicode char U+0151 (decimal 337)
   defining Unicode char U+0152 (decimal 338)
   defining Unicode char U+0153 (decimal 339)
   defining Unicode char U+0154 (decimal 340)
   defining Unicode char U+0155 (decimal 341)
   defining Unicode char U+0158 (decimal 344)
   defining Unicode char U+0159 (decimal 345)
   defining Unicode char U+015A (decimal 346)
   defining Unicode char U+015B (decimal 347)
   defining Unicode char U+015E (decimal 350)
   defining Unicode char U+015F (decimal 351)
   defining Unicode char U+0160 (decimal 352)
   defining Unicode char U+0161 (decimal 353)
   defining Unicode char U+0162 (decimal 354)
   defining Unicode char U+0163 (decimal 355)
   defining Unicode char U+0164 (decimal 356)
   defining Unicode char U+0165 (decimal 357)
   defining Unicode char U+016E (decimal 366)
   defining Unicode char U+016F (decimal 367)
   defining Unicode char U+0170 (decimal 368)
   defining Unicode char U+0171 (decimal 369)
   defining Unicode char U+0178 (decimal 376)
   defining Unicode char U+0179 (decimal 377)
   defining Unicode char U+017A (decimal 378)
   defining Unicode char U+017B (decimal 379)
   defining Unicode char U+017C (decimal 380)
   defining Unicode char U+017D (decimal 381)
   defining Unicode char U+017E (decimal 382)
   defining Unicode char U+200C (decimal 8204)
   defining Unicode char U+2013 (decimal 8211)
   defining Unicode char U+2014 (decimal 8212)
   defining Unicode char U+2018 (decimal 8216)
   defining Unicode char U+2019 (decimal 8217)
   defining Unicode char U+201A (decimal 8218)
   defining Unicode char U+201C (decimal 8220)
   defining Unicode char U+201D (decimal 8221)
   defining Unicode char U+201E (decimal 8222)
   defining Unicode char U+2030 (decimal 8240)
   defining Unicode char U+2031 (decimal 8241)
   defining Unicode char U+2039 (decimal 8249)
   defining Unicode char U+203A (decimal 8250)
   defining Unicode char U+2423 (decimal 9251)
)
Now handling font encoding OT1 ...
... processing UTF-8 mapping file for font encoding OT1

("D:\Program Files (x86)\New folder\tex\latex\base\ot1enc.dfu"
File: ot1enc.dfu 2008/04/05 v1.1m UTF-8 support for inputenc
   defining Unicode char U+00A1 (decimal 161)
   defining Unicode char U+00A3 (decimal 163)
   defining Unicode char U+00B8 (decimal 184)
   defining Unicode char U+00BF (decimal 191)
   defining Unicode char U+00C5 (decimal 197)
   defining Unicode char U+00C6 (decimal 198)
   defining Unicode char U+00D8 (decimal 216)
   defining Unicode char U+00DF (decimal 223)
   defining Unicode char U+00E6 (decimal 230)
   defining Unicode char U+00EC (decimal 236)
   defining Unicode char U+00ED (decimal 237)
   defining Unicode char U+00EE (decimal 238)
   defining Unicode char U+00EF (decimal 239)
   defining Unicode char U+00F8 (decimal 248)
   defining Unicode char U+0131 (decimal 305)
   defining Unicode char U+0141 (decimal 321)
   defining Unicode char U+0142 (decimal 322)
   defining Unicode char U+0152 (decimal 338)
   defining Unicode char U+0153 (decimal 339)
   defining Unicode char U+2013 (decimal 8211)
   defining Unicode char U+2014 (decimal 8212)
   defining Unicode char U+2018 (decimal 8216)
   defining Unicode char U+2019 (decimal 8217)
   defining Unicode char U+201C (decimal 8220)
   defining Unicode char U+201D (decimal 8221)
)
Now handling font encoding OMS ...
... processing UTF-8 mapping file for font encoding OMS

("D:\Program Files (x86)\New folder\tex\latex\base\omsenc.dfu"
File: omsenc.dfu 2008/04/05 v1.1m UTF-8 support for inputenc
   defining Unicode char U+00A7 (decimal 167)
   defining Unicode char U+00B6 (decimal 182)
   defining Unicode char U+00B7 (decimal 183)
   defining Unicode char U+2020 (decimal 8224)
   defining Unicode char U+2021 (decimal 8225)
   defining Unicode char U+2022 (decimal 8226)
)
Now handling font encoding OMX ...
... no UTF-8 mapping file for font encoding OMX
Now handling font encoding U ...
... no UTF-8 mapping file for font encoding U
   defining Unicode char U+00A9 (decimal 169)
   defining Unicode char U+00AA (decimal 170)
   defining Unicode char U+00AE (decimal 174)
   defining Unicode char U+00BA (decimal 186)
   defining Unicode char U+02C6 (decimal 710)
   defining Unicode char U+02DC (decimal 732)
   defining Unicode char U+200C (decimal 8204)
   defining Unicode char U+2026 (decimal 8230)
   defining Unicode char U+2122 (decimal 8482)
   defining Unicode char U+2423 (decimal 9251)
))
("D:\Program Files (x86)\New folder\tex\latex\base\fontenc.sty"
Package: fontenc 2005/09/27 v1.99g Standard LaTeX package

("D:\Program Files (x86)\New folder\tex\latex\base\t1enc.def"
File: t1enc.def 2005/09/27 v1.99g Standard LaTeX file
LaTeX Font Info:    Redeclaring font encoding T1 on input line 43.
))
("D:\Program Files (x86)\New folder\tex\latex\tools\calc.sty"
Package: calc 2007/08/22 v4.3 Infix arithmetic (KKT,FJ)
\calc@Acount=\count91
\calc@Bcount=\count92
\calc@Adimen=\dimen106
\calc@Bdimen=\dimen107
\calc@Askip=\skip43
\calc@Bskip=\skip44
LaTeX Info: Redefining \setlength on input line 76.
LaTeX Info: Redefining \addtolength on input line 77.
\calc@Ccount=\count93
\calc@Cskip=\skip45
)
("D:\Program Files (x86)\New folder\tex\latex\setspace\setspace.sty"
Package: setspace 2011/12/19 v6.7a set line spacing
)
("D:\Program Files (x86)\New folder\tex\latex\base\ifthen.sty"
Package: ifthen 2001/05/26 v1.1c Standard LaTeX ifthen package (DPC)
)
("D:\Program Files (x86)\New folder\tex\latex\ams\classes\amsthm.sty"
Package: amsthm 2004/08/06 v2.20
\thm@style=\toks17
\thm@bodyfont=\toks18
\thm@headfont=\toks19
\thm@notefont=\toks20
\thm@headpunct=\toks21
\thm@preskip=\skip46
\thm@postskip=\skip47
\thm@headsep=\skip48
\dth@everypar=\toks22
)
("D:\Program Files (x86)\New folder\tex\latex\tools\longtable.sty"
Package: longtable 2004/02/01 v4.11 Multi-page Table package (DPC)
\LTleft=\skip49
\LTright=\skip50
\LTpre=\skip51
\LTpost=\skip52
\LTchunksize=\count94
\LTcapwidth=\dimen108
\LT@head=\box26
\LT@firsthead=\box27
\LT@foot=\box28
\LT@lastfoot=\box29
\LT@cols=\count95
\LT@rows=\count96
\c@LT@tables=\count97
\c@LT@chunks=\count98
\LT@p@ftn=\toks23
)
("D:\Program Files (x86)\New folder\tex\latex\float\float.sty"
Package: float 2001/11/08 v1.3d Float enhancements (AL)
\c@float@type=\count99
\float@exts=\toks24
\float@box=\box30
\@float@everytoks=\toks25
\@floatcapt=\box31
)
("D:\Program Files (x86)\New folder\tex\latex\listings\listings.sty"
\lst@mode=\count100
\lst@gtempboxa=\box32
\lst@token=\toks26
\lst@length=\count101
\lst@currlwidth=\dimen109
\lst@column=\count102
\lst@pos=\count103
\lst@lostspace=\dimen110
\lst@width=\dimen111
\lst@newlines=\count104
\lst@lineno=\count105
\lst@maxwidth=\dimen112

("D:\Program Files (x86)\New folder\tex\latex\listings\lstmisc.sty"
File: lstmisc.sty 2007/02/22 1.4 (Carsten Heinz)
\c@lstnumber=\count106
\lst@skipnumbers=\count107
\lst@framebox=\box33
)
("D:\Program Files (x86)\New folder\tex\latex\listings\listings.cfg"
File: listings.cfg 2007/02/22 1.4 listings configuration
))
Package: listings 2007/02/22 1.4 (Carsten Heinz)

("D:\Program Files (x86)\New folder\tex\latex\geometry\geometry.sty"
Package: geometry 2010/09/12 v5.6 Page Geometry

("D:\Program Files (x86)\New folder\tex\generic\oberdiek\ifpdf.sty"
Package: ifpdf 2011/01/30 v2.3 Provides the ifpdf switch (HO)
Package ifpdf Info: pdfTeX in PDF mode is detected.
)
("D:\Program Files (x86)\New folder\tex\generic\oberdiek\ifvtex.sty"
Package: ifvtex 2010/03/01 v1.5 Switches for detecting VTeX and its modes (HO)
Package ifvtex Info: VTeX not detected.
)
("D:\Program Files (x86)\New folder\tex\generic\ifxetex\ifxetex.sty"
Package: ifxetex 2010/09/12 v0.6 Provides ifxetex conditional
)
\Gm@cnth=\count108
\Gm@cntv=\count109
\c@Gm@tempcnt=\count110
\Gm@bindingoffset=\dimen113
\Gm@wd@mp=\dimen114
\Gm@odd@mp=\dimen115
\Gm@even@mp=\dimen116
\Gm@layoutwidth=\dimen117
\Gm@layoutheight=\dimen118
\Gm@layouthoffset=\dimen119
\Gm@layoutvoffset=\dimen120
\Gm@dimlist=\toks27

("D:\Program Files (x86)\New folder\tex\latex\geometry\geometry.cfg")

Package geometry Warning: Over-specification in `h'-direction.
    `width' (451.6875pt) is ignored.


Package geometry Warning: Over-specification in `v'-direction.
    `height' (632.36249pt) is ignored.

) ("D:\Program Files (x86)\New folder\tex\latex\caption\caption.sty"
Package: caption 2012/02/19 v3.2f Customizing captions (AR)

("D:\Program Files (x86)\New folder\tex\latex\caption\caption3.sty"
Package: caption3 2012/01/12 v1.4b caption3 kernel (AR)
\captionmargin=\dimen121
\captionmargin@=\dimen122
\captionwidth=\dimen123
\caption@indent=\dimen124
\caption@parindent=\dimen125
\caption@hangindent=\dimen126
)
\c@ContinuedFloat=\count111
Package caption Info: float package is loaded.
Package caption Info: listings package is loaded.
Package caption Info: longtable package is loaded.

("D:\Program Files (x86)\New folder\tex\latex\caption\ltcaption.sty"
Package: ltcaption 2011/09/12 v1.3 longtable captions (AR)
))
("D:\Program Files (x86)\New folder\tex\latex\fancyhdr\fancyhdr.sty"
\fancy@headwidth=\skip53
\f@ncyO@elh=\skip54
\f@ncyO@erh=\skip55
\f@ncyO@olh=\skip56
\f@ncyO@orh=\skip57
\f@ncyO@elf=\skip58
\f@ncyO@erf=\skip59
\f@ncyO@olf=\skip60
\f@ncyO@orf=\skip61
)
\largChap=\skip62
\largNum=\skip63
\tocRightMargin=\skip64
\tocLeftMarginSecondLine=\skip65
\tocLeftMarginSecondLineChapter=\skip66
\tocLeftMarginSecondLineFigure=\skip67
\tocLeftMarginSecondLineTable=\skip68
\NameOfNewDefinedLength=\skip69
\descril=\skip70
\largetiqfig=\skip71
\larglegendfig=\skip72
\tempabovecaptionskip=\skip73

("D:\Program Files (x86)\New folder\tex\latex\caption\newfloat.sty"
Package: newfloat 2011/11/16 v1.0a Defining new floating environments (AR)


Package newfloat Warning: Unsupported document class, or
(newfloat)                \@chapter was already redefined by another package.

Package newfloat Info: \@chapter = macro:[#1]#2-> \ifnum \c@secnumdepth >\m@ne 
\if@mainmatter \refstepcounter {chapter}\typeout {\@chapapp \space \thechapter 
}\addcontentsline {toc}{chapter}{\protect \numberline {\protect \MakeUppercase 
{\@chapapp \ \thechapter }}\protect \MakeUppercase {#1}}\else \addcontentsline 
{toc}{chapter}{#1}\fi \else \addcontentsline {toc}{chapter}{#1}\fi \chaptermark
 {#1}\@makechapterhead {#2}\@afterheading  on input line 619.
)
Package newfloat Info: New float `figureap' with options `' on input line 1094.

\c@figureap=\count112
Package newfloat Info: float type `figureap'=4 on input line 1094.
Package newfloat Info: New float `tableap' with options `' on input line 1105.
\c@tableap=\count113
Package newfloat Info: float type `tableap'=8 on input line 1105.
\c@definition=\count114
) ("D:\Program Files (x86)\New folder\tex\latex\psnfss\times.sty"
Package: times 2005/04/12 PSNFSS-v9.2a (SPQR) 
)
("D:\Program Files (x86)\New folder\tex\latex\graphics\graphicx.sty"
Package: graphicx 1999/02/16 v1.0f Enhanced LaTeX Graphics (DPC,SPQR)

("D:\Program Files (x86)\New folder\tex\latex\graphics\graphics.sty"
Package: graphics 2009/02/05 v1.0o Standard LaTeX Graphics (DPC,SPQR)

("D:\Program Files (x86)\New folder\tex\latex\graphics\trig.sty"
Package: trig 1999/03/16 v1.09 sin cos tan (DPC)
)
("D:\Program Files (x86)\New folder\tex\latex\00miktex\graphics.cfg"
File: graphics.cfg 2007/01/18 v1.5 graphics configuration of teTeX/TeXLive
)
Package graphics Info: Driver file: pdftex.def on input line 91.

("D:\Program Files (x86)\New folder\tex\latex\pdftex-def\pdftex.def"
File: pdftex.def 2011/05/27 v0.06d Graphics/color for pdfTeX

("D:\Program Files (x86)\New folder\tex\generic\oberdiek\infwarerr.sty"
Package: infwarerr 2010/04/08 v1.3 Providing info/warning/message (HO)
)
("D:\Program Files (x86)\New folder\tex\generic\oberdiek\ltxcmds.sty"
Package: ltxcmds 2011/04/18 v1.20 LaTeX kernel commands for general use (HO)
)
\Gread@gobject=\count115
))
\Gin@req@height=\dimen127
\Gin@req@width=\dimen128
)
("D:\Program Files (x86)\New folder\tex\latex\multirow\multirow.sty"
\bigstrutjot=\dimen129
)
("D:\Program Files (x86)\New folder\tex\latex\pdfpages\pdfpages.sty"
Package: pdfpages 2012/08/31 v0.4t Insert pages of external PDF documents (AM)

("D:\Program Files (x86)\New folder\tex\latex\eso-pic\eso-pic.sty"
Package: eso-pic 2010/10/06 v2.0c eso-pic (RN)

("D:\Program Files (x86)\New folder\tex\generic\oberdiek\atbegshi.sty"
Package: atbegshi 2011/01/30 v1.15 At begin shipout hook (HO)
)
("D:\Program Files (x86)\New folder\tex\latex\xcolor\xcolor.sty"
Package: xcolor 2007/01/21 v2.11 LaTeX color extensions (UK)

("D:\Program Files (x86)\New folder\tex\latex\00miktex\color.cfg"
File: color.cfg 2007/01/18 v1.5 color configuration of teTeX/TeXLive
)
Package xcolor Info: Driver file: pdftex.def on input line 225.
Package xcolor Info: Model `cmy' substituted by `cmy0' on input line 1337.
Package xcolor Info: Model `hsb' substituted by `rgb' on input line 1341.
Package xcolor Info: Model `RGB' extended on input line 1353.
Package xcolor Info: Model `HTML' substituted by `rgb' on input line 1355.
Package xcolor Info: Model `Hsb' substituted by `hsb' on input line 1356.
Package xcolor Info: Model `tHsb' substituted by `hsb' on input line 1357.
Package xcolor Info: Model `HSB' substituted by `hsb' on input line 1358.
Package xcolor Info: Model `Gray' substituted by `gray' on input line 1359.
Package xcolor Info: Model `wave' substituted by `hsb' on input line 1360.
))
("D:\Program Files (x86)\New folder\tex\latex\pdfpages\pppdftex.def"
File: pppdftex.def 2012/08/31 v0.4t Pdfpages driver for pdfTeX (AM)
)
\AM@pagebox=\box34
\AM@toc@title=\toks28
\c@AM@survey=\count116
\AM@templatesizebox=\box35
)
("D:\Program Files (x86)\New folder\tex\latex\ams\math\amsmath.sty"
Package: amsmath 2000/07/18 v2.13 AMS math features
\@mathmargin=\skip74

For additional information on amsmath, use the `?' option.
("D:\Program Files (x86)\New folder\tex\latex\ams\math\amstext.sty"
Package: amstext 2000/06/29 v2.01

("D:\Program Files (x86)\New folder\tex\latex\ams\math\amsgen.sty"
File: amsgen.sty 1999/11/30 v2.0
\@emptytoks=\toks29
\ex@=\dimen130
))
("D:\Program Files (x86)\New folder\tex\latex\ams\math\amsbsy.sty"
Package: amsbsy 1999/11/29 v1.2d
\pmbraise@=\dimen131
)
("D:\Program Files (x86)\New folder\tex\latex\ams\math\amsopn.sty"
Package: amsopn 1999/12/14 v2.01 operator names
)
\inf@bad=\count117
LaTeX Info: Redefining \frac on input line 211.
\uproot@=\count118
\leftroot@=\count119
LaTeX Info: Redefining \overline on input line 307.
\classnum@=\count120
\DOTSCASE@=\count121
LaTeX Info: Redefining \ldots on input line 379.
LaTeX Info: Redefining \dots on input line 382.
LaTeX Info: Redefining \cdots on input line 467.
\Mathstrutbox@=\box36
\strutbox@=\box37
\big@size=\dimen132
LaTeX Font Info:    Redeclaring font encoding OML on input line 567.
LaTeX Font Info:    Redeclaring font encoding OMS on input line 568.
\macc@depth=\count122
\c@MaxMatrixCols=\count123
\dotsspace@=\muskip10
\c@parentequation=\count124
\dspbrk@lvl=\count125
\tag@help=\toks30
\row@=\count126
\column@=\count127
\maxfields@=\count128
\andhelp@=\toks31
\eqnshift@=\dimen133
\alignsep@=\dimen134
\tagshift@=\dimen135
\tagwidth@=\dimen136
\totwidth@=\dimen137
\lineht@=\dimen138
\@envbody=\toks32
\multlinegap=\skip75
\multlinetaggap=\skip76
\mathdisplay@stack=\toks33
LaTeX Info: Redefining \[ on input line 2666.
LaTeX Info: Redefining \] on input line 2667.
)
("D:\Program Files (x86)\New folder\tex\latex\amsfonts\amssymb.sty"
Package: amssymb 2009/06/22 v3.00

("D:\Program Files (x86)\New folder\tex\latex\amsfonts\amsfonts.sty"
Package: amsfonts 2009/06/22 v3.00 Basic AMSFonts support
\symAMSa=\mathgroup6
\symAMSb=\mathgroup7
LaTeX Font Info:    Overwriting math alphabet `\mathfrak' in version `bold'
(Font)                  U/euf/m/n --> U/euf/b/n on input line 96.
))
("D:\Program Files (x86)\New folder\tex\latex\multibib\multibib.sty"
Package: multibib 2008/12/10 v1.4 Multiple bibliographies for one document.
\mb@biblabelwidth=\count129
)
("D:\Program Files (x86)\New folder\tex\latex\ltxmisc\url.sty"
\Urlmuskip=\muskip11
Package: url 2006/04/12  ver 3.3  Verb mode for urls, etc.
)

LaTeX Warning: Unused global option(s):
    [these].


(C:\Users\Marc-Andre\Documents\GitHub\LOG350.TP3\WpfApplication2\Rapport\rappor
t.aux)
LaTeX Font Info:    Checking defaults for OML/cmm/m/it on input line 18.
LaTeX Font Info:    ... okay on input line 18.
LaTeX Font Info:    Checking defaults for T1/cmr/m/n on input line 18.
LaTeX Font Info:    ... okay on input line 18.
LaTeX Font Info:    Checking defaults for OT1/cmr/m/n on input line 18.
LaTeX Font Info:    ... okay on input line 18.
LaTeX Font Info:    Checking defaults for OMS/cmsy/m/n on input line 18.
LaTeX Font Info:    ... okay on input line 18.
LaTeX Font Info:    Checking defaults for OMX/cmex/m/n on input line 18.
LaTeX Font Info:    ... okay on input line 18.
LaTeX Font Info:    Checking defaults for U/cmr/m/n on input line 18.
LaTeX Font Info:    ... okay on input line 18.
LaTeX Font Info:    Try loading font information for T1+ptm on input line 18.
 ("D:\Program Files (x86)\New folder\tex\latex\psnfss\t1ptm.fd"
File: t1ptm.fd 2001/06/04 font definitions for T1/ptm.
)
LaTeX Info: Redefining \degres on input line 18.
LaTeX Info: Redefining \dots on input line 18.
LaTeX Info: Redefining \up on input line 18.
\c@lstlisting=\count130

*geometry* driver: auto-detecting
*geometry* detected driver: pdftex
*geometry* verbose mode - [ preamble ] result:
* driver: pdftex
* paper: letterpaper
* layout: <same size as paper>
* layoutoffset:(h,v)=(0.0pt,0.0pt)
* modes: 
* h-part:(L,W,R)=(108.405pt, 451.6875pt, 54.2025pt)
* v-part:(T,H,B)=(108.405pt, 644.64827pt, 41.91672pt)
* \paperwidth=614.295pt
* \paperheight=794.96999pt
* \textwidth=451.6875pt
* \textheight=644.64827pt
* \oddsidemargin=36.13501pt
* \evensidemargin=36.13501pt
* \topmargin=-28.18524pt
* \headheight=12.0pt
* \headsep=40.47102pt
* \topskip=12.0pt
* \footskip=30.0pt
* \marginparwidth=47.0pt
* \marginparsep=7.0pt
* \columnsep=10.0pt
* \skip\footins=10.8pt plus 4.0pt minus 2.0pt
* \hoffset=0.0pt
* \voffset=0.0pt
* \mag=1000
* \@twocolumnfalse
* \@twosidefalse
* \@mparswitchfalse
* \@reversemarginfalse
* (1in=72.27pt=25.4mm, 1cm=28.453pt)

Package caption Info: Begin \AtBeginDocument code.
Package caption Info: Incompatible package detected (regarding \@caption).
(caption)             \@caption = \long macro:#1[#2]#3->\par \addcontentsline {
\csname ext@#1\endcsname }{#1} {\protect \numberline {\csname the#1\endcsname }
{\ignorespaces #2}}\begingroup \@parboxrestore \normalsize \pretolerance =10000
 \ifx \figurestring #1 \@makecaption {\csname fnum@#1\endcsname }{\ignorespaces
 #3}{#1}\par \else \ifx \tablestring #1 \@makecaption {\csname fnum@#1\endcsnam
e }{\ignorespaces #3}{#1}\par \footnotesize \centering \else \@makecaption {\cs
name fnum@#1\endcsname }{\ignorespaces #3}\par \footnotesize \centering \fi \fi
 \pretolerance =100 \endgroup .

Package caption Warning: \caption will not be redefined since it's already
(caption)                redefined by a document class or package which is
(caption)                unknown to the caption package.
See the caption package documentation for explanation.

Package caption Info: End \AtBeginDocument code.
("D:\Program Files (x86)\New folder\tex\context\base\supp-pdf.mkii"
[Loading MPS to PDF converter (version 2006.09.02).]
\scratchcounter=\count131
\scratchdimen=\dimen139
\scratchbox=\box38
\nofMPsegments=\count132
\nofMParguments=\count133
\everyMPshowfont=\toks34
\MPscratchCnt=\count134
\MPscratchDim=\dimen140
\MPnumerator=\count135
\makeMPintoPDFobject=\count136
\everyMPtoPDFconversion=\toks35
)
\AtBeginShipoutBox=\box39
LaTeX Font Info:    Font shape `T1/ptm/bx/n' in size <12> not available
(Font)              Font shape `T1/ptm/b/n' tried instead on input line 20.

(C:\Users\Marc-Andre\Documents\GitHub\LOG350.TP3\WpfApplication2\Rapport\rappor
t.toc
LaTeX Font Info:    Try loading font information for OT1+ztmcm on input line 2.

 ("D:\Program Files (x86)\New folder\tex\latex\psnfss\ot1ztmcm.fd"
File: ot1ztmcm.fd 2000/01/03 Fontinst v1.801 font definitions for OT1/ztmcm.
)
LaTeX Font Info:    Try loading font information for OML+ztmcm on input line 2.


("D:\Program Files (x86)\New folder\tex\latex\psnfss\omlztmcm.fd"
File: omlztmcm.fd 2000/01/03 Fontinst v1.801 font definitions for OML/ztmcm.
)
LaTeX Font Info:    Try loading font information for OMS+ztmcm on input line 2.


("D:\Program Files (x86)\New folder\tex\latex\psnfss\omsztmcm.fd"
File: omsztmcm.fd 2000/01/03 Fontinst v1.801 font definitions for OMS/ztmcm.
)
LaTeX Font Info:    Try loading font information for OMX+ztmcm on input line 2.


("D:\Program Files (x86)\New folder\tex\latex\psnfss\omxztmcm.fd"
File: omxztmcm.fd 2000/01/03 Fontinst v1.801 font definitions for OMX/ztmcm.
)
LaTeX Font Info:    Try loading font information for OT1+ptm on input line 2.

("D:\Program Files (x86)\New folder\tex\latex\psnfss\ot1ptm.fd"
File: ot1ptm.fd 2001/06/04 font definitions for OT1/ptm.
)
LaTeX Font Info:    Font shape `OT1/ptm/bx/n' in size <12> not available
(Font)              Font shape `OT1/ptm/b/n' tried instead on input line 2.
LaTeX Font Info:    Font shape `OT1/ptm/bx/n' in size <9> not available
(Font)              Font shape `OT1/ptm/b/n' tried instead on input line 2.
LaTeX Font Info:    Font shape `OT1/ptm/bx/n' in size <7> not available
(Font)              Font shape `OT1/ptm/b/n' tried instead on input line 2.
)
\tf@toc=\write3
 [1




{D:/Program Files (x86)/New folder/pdftex/config/pdftex.map}]
(C:\Users\Marc-Andre\Documents\GitHub\LOG350.TP3\WpfApplication2\Rapport\rappor
t.lot)
\tf@lot=\write4
 [2

]
(C:\Users\Marc-Andre\Documents\GitHub\LOG350.TP3\WpfApplication2\Rapport\rappor
t.lof)
\tf@lof=\write5
 [3

]
Chapitre 1
[4

]
Chapitre 2
[5

]
Chapitre 3
[6

]
Chapitre 4
[7

]
Chapitre 5
[8

]
Overfull \hbox (7.54892pt too wide) in paragraph at lines 87--124
 [][] 
 []


Package Fancyhdr Warning: \headheight is too small (12.0pt): 
 Make it at least 14.49998pt.
 We now make it that large for the rest of the document.
 This may cause the page layout to be inconsistent, however.

[9]

Package Fancyhdr Warning: \headheight is too small (12.0pt): 
 Make it at least 14.49998pt.
 We now make it that large for the rest of the document.
 This may cause the page layout to be inconsistent, however.

[10]

Package Fancyhdr Warning: \headheight is too small (12.0pt): 
 Make it at least 14.49998pt.
 We now make it that large for the rest of the document.
 This may cause the page layout to be inconsistent, however.

[11]

Package Fancyhdr Warning: \headheight is too small (12.0pt): 
 Make it at least 14.49998pt.
 We now make it that large for the rest of the document.
 This may cause the page layout to be inconsistent, however.

[12]

Package Fancyhdr Warning: \headheight is too small (12.0pt): 
 Make it at least 14.49998pt.
 We now make it that large for the rest of the document.
 This may cause the page layout to be inconsistent, however.

[13]

Package Fancyhdr Warning: \headheight is too small (12.0pt): 
 Make it at least 14.49998pt.
 We now make it that large for the rest of the document.
 This may cause the page layout to be inconsistent, however.

[14]
Chapitre 6
[15

]
Chapitre 7
[16

]
Annexe I
[17

] <form.pdf, id=60, page=1, 597.50829pt x 845.0471pt>
File: form.pdf Graphic file (type pdf)

<use form.pdf, page 1>
Package pdftex.def Info: form.pdf, page1 used on input line 251.
(pdftex.def)             Requested size: 597.50682pt x 845.04504pt.
File: form.pdf Graphic file (type pdf)
 <use form.pdf, page 1>
Package pdftex.def Info: form.pdf, page1 used on input line 251.
(pdftex.def)             Requested size: 562.12285pt x 795.00201pt.
File: form.pdf Graphic file (type pdf)
 <use form.pdf, page 1>
Package pdftex.def Info: form.pdf, page1 used on input line 251.
(pdftex.def)             Requested size: 562.12285pt x 795.00201pt.
File: form.pdf Graphic file (type pdf)

<use form.pdf, page 1>
Package pdftex.def Info: form.pdf, page1 used on input line 251.
(pdftex.def)             Requested size: 562.12285pt x 795.00201pt.
File: form.pdf Graphic file (type pdf)
 <use form.pdf, page 1>
Package pdftex.def Info: form.pdf, page1 used on input line 251.
(pdftex.def)             Requested size: 562.12285pt x 795.00201pt.
 [18 <C:/Users/Marc-Andre/Documents/GitHub/LOG350.TP3/WpfApplication2/Rapport/f
orm.pdf>]
<form.pdf, id=70, page=2, 597.50829pt x 845.0471pt>
File: form.pdf Graphic file (type pdf)
 <use form.pdf, page 2>
Package pdftex.def Info: form.pdf, page2 used on input line 251.
(pdftex.def)             Requested size: 562.12285pt x 795.00201pt.
File: form.pdf Graphic file (type pdf)

<use form.pdf, page 2>
Package pdftex.def Info: form.pdf, page2 used on input line 251.
(pdftex.def)             Requested size: 562.12285pt x 795.00201pt.
File: form.pdf Graphic file (type pdf)
 <use form.pdf, page 2>
Package pdftex.def Info: form.pdf, page2 used on input line 251.
(pdftex.def)             Requested size: 562.12285pt x 795.00201pt.
 [19 <C:/Users/Marc-Andre/Documents/GitHub/LOG350.TP3/WpfApplication2/Rapport/f
orm.pdf>]
Annexe II
[20

] <document.pdf, id=85, page=1, 614.295pt x 794.97pt>
File: document.pdf Graphic file (type pdf)

<use document.pdf, page 1>
Package pdftex.def Info: document.pdf, page1 used on input line 255.
(pdftex.def)             Requested size: 614.29349pt x 794.96806pt.
File: document.pdf Graphic file (type pdf)
 <use document.pdf, page 1>
Package pdftex.def Info: document.pdf, page1 used on input line 255.
(pdftex.def)             Requested size: 614.58406pt x 795.3441pt.
File: document.pdf Graphic file (type pdf)

<use document.pdf, page 1>
Package pdftex.def Info: document.pdf, page1 used on input line 255.
(pdftex.def)             Requested size: 614.58406pt x 795.3441pt.
File: document.pdf Graphic file (type pdf)
 <use document.pdf, page 1>
Package pdftex.def Info: document.pdf, page1 used on input line 255.
(pdftex.def)             Requested size: 614.58406pt x 795.3441pt.
File: document.pdf Graphic file (type pdf)

<use document.pdf, page 1>
Package pdftex.def Info: document.pdf, page1 used on input line 255.
(pdftex.def)             Requested size: 614.58406pt x 795.3441pt.
 [21 <C:/Users/Marc-Andre/Documents/GitHub/LOG350.TP3/WpfApplication2/Rapport/d
ocument.pdf>]
<document.pdf, id=121, page=2, 614.295pt x 794.97pt>
File: document.pdf Graphic file (type pdf)

<use document.pdf, page 2>
Package pdftex.def Info: document.pdf, page2 used on input line 255.
(pdftex.def)             Requested size: 614.58406pt x 795.3441pt.
File: document.pdf Graphic file (type pdf)
 <use document.pdf, page 2>
Package pdftex.def Info: document.pdf, page2 used on input line 255.
(pdftex.def)             Requested size: 614.58406pt x 795.3441pt.
File: document.pdf Graphic file (type pdf)

<use document.pdf, page 2>
Package pdftex.def Info: document.pdf, page2 used on input line 255.
(pdftex.def)             Requested size: 614.58406pt x 795.3441pt.
 [22 <C:/Users/Marc-Andre/Documents/GitHub/LOG350.TP3/WpfApplication2/Rapport/d
ocument.pdf>]
<document.pdf, id=134, page=3, 614.295pt x 794.97pt>
File: document.pdf Graphic file (type pdf)

<use document.pdf, page 3>
Package pdftex.def Info: document.pdf, page3 used on input line 255.
(pdftex.def)             Requested size: 614.58406pt x 795.3441pt.
File: document.pdf Graphic file (type pdf)
 <use document.pdf, page 3>
Package pdftex.def Info: document.pdf, page3 used on input line 255.
(pdftex.def)             Requested size: 614.58406pt x 795.3441pt.
File: document.pdf Graphic file (type pdf)

<use document.pdf, page 3>
Package pdftex.def Info: document.pdf, page3 used on input line 255.
(pdftex.def)             Requested size: 614.58406pt x 795.3441pt.
 [23 <C:/Users/Marc-Andre/Documents/GitHub/LOG350.TP3/WpfApplication2/Rapport/d
ocument.pdf>]
<document.pdf, id=139, page=4, 614.295pt x 794.97pt>
File: document.pdf Graphic file (type pdf)

<use document.pdf, page 4>
Package pdftex.def Info: document.pdf, page4 used on input line 255.
(pdftex.def)             Requested size: 614.58406pt x 795.3441pt.
File: document.pdf Graphic file (type pdf)
 <use document.pdf, page 4>
Package pdftex.def Info: document.pdf, page4 used on input line 255.
(pdftex.def)             Requested size: 614.58406pt x 795.3441pt.
File: document.pdf Graphic file (type pdf)

<use document.pdf, page 4>
Package pdftex.def Info: document.pdf, page4 used on input line 255.
(pdftex.def)             Requested size: 614.58406pt x 795.3441pt.
 [24 <C:/Users/Marc-Andre/Documents/GitHub/LOG350.TP3/WpfApplication2/Rapport/d
ocument.pdf>]
<document.pdf, id=144, page=5, 614.295pt x 794.97pt>
File: document.pdf Graphic file (type pdf)

<use document.pdf, page 5>
Package pdftex.def Info: document.pdf, page5 used on input line 255.
(pdftex.def)             Requested size: 614.58406pt x 795.3441pt.
File: document.pdf Graphic file (type pdf)
 <use document.pdf, page 5>
Package pdftex.def Info: document.pdf, page5 used on input line 255.
(pdftex.def)             Requested size: 614.58406pt x 795.3441pt.
File: document.pdf Graphic file (type pdf)

<use document.pdf, page 5>
Package pdftex.def Info: document.pdf, page5 used on input line 255.
(pdftex.def)             Requested size: 614.58406pt x 795.3441pt.
 [25 <C:/Users/Marc-Andre/Documents/GitHub/LOG350.TP3/WpfApplication2/Rapport/d
ocument.pdf>]
<document.pdf, id=150, page=6, 614.295pt x 794.97pt>
File: document.pdf Graphic file (type pdf)

<use document.pdf, page 6>
Package pdftex.def Info: document.pdf, page6 used on input line 255.
(pdftex.def)             Requested size: 614.58406pt x 795.3441pt.
File: document.pdf Graphic file (type pdf)
 <use document.pdf, page 6>
Package pdftex.def Info: document.pdf, page6 used on input line 255.
(pdftex.def)             Requested size: 614.58406pt x 795.3441pt.
File: document.pdf Graphic file (type pdf)

<use document.pdf, page 6>
Package pdftex.def Info: document.pdf, page6 used on input line 255.
(pdftex.def)             Requested size: 614.58406pt x 795.3441pt.
 [26 <C:/Users/Marc-Andre/Documents/GitHub/LOG350.TP3/WpfApplication2/Rapport/d
ocument.pdf>]
<document.pdf, id=155, page=7, 614.295pt x 794.97pt>
File: document.pdf Graphic file (type pdf)

<use document.pdf, page 7>
Package pdftex.def Info: document.pdf, page7 used on input line 255.
(pdftex.def)             Requested size: 614.58406pt x 795.3441pt.
File: document.pdf Graphic file (type pdf)
 <use document.pdf, page 7>
Package pdftex.def Info: document.pdf, page7 used on input line 255.
(pdftex.def)             Requested size: 614.58406pt x 795.3441pt.
File: document.pdf Graphic file (type pdf)

<use document.pdf, page 7>
Package pdftex.def Info: document.pdf, page7 used on input line 255.
(pdftex.def)             Requested size: 614.58406pt x 795.3441pt.
 [27 <C:/Users/Marc-Andre/Documents/GitHub/LOG350.TP3/WpfApplication2/Rapport/d
ocument.pdf>]
<document.pdf, id=160, page=8, 614.295pt x 794.97pt>
File: document.pdf Graphic file (type pdf)

<use document.pdf, page 8>
Package pdftex.def Info: document.pdf, page8 used on input line 255.
(pdftex.def)             Requested size: 614.58406pt x 795.3441pt.
File: document.pdf Graphic file (type pdf)
 <use document.pdf, page 8>
Package pdftex.def Info: document.pdf, page8 used on input line 255.
(pdftex.def)             Requested size: 614.58406pt x 795.3441pt.
File: document.pdf Graphic file (type pdf)

<use document.pdf, page 8>
Package pdftex.def Info: document.pdf, page8 used on input line 255.
(pdftex.def)             Requested size: 614.58406pt x 795.3441pt.
 [28 <C:/Users/Marc-Andre/Documents/GitHub/LOG350.TP3/WpfApplication2/Rapport/d
ocument.pdf>]
<document.pdf, id=165, page=9, 614.295pt x 794.97pt>
File: document.pdf Graphic file (type pdf)

<use document.pdf, page 9>
Package pdftex.def Info: document.pdf, page9 used on input line 255.
(pdftex.def)             Requested size: 614.58406pt x 795.3441pt.
File: document.pdf Graphic file (type pdf)
 <use document.pdf, page 9>
Package pdftex.def Info: document.pdf, page9 used on input line 255.
(pdftex.def)             Requested size: 614.58406pt x 795.3441pt.
File: document.pdf Graphic file (type pdf)

<use document.pdf, page 9>
Package pdftex.def Info: document.pdf, page9 used on input line 255.
(pdftex.def)             Requested size: 614.58406pt x 795.3441pt.
 [29 <C:/Users/Marc-Andre/Documents/GitHub/LOG350.TP3/WpfApplication2/Rapport/d
ocument.pdf>]
Annexe III
[30

] <T2.pdf, id=175, page=1, 614.295pt x 794.97pt>
File: T2.pdf Graphic file (type pdf)
 <use T2.pdf, page 1>
Package pdftex.def Info: T2.pdf, page1 used on input line 259.
(pdftex.def)             Requested size: 614.29349pt x 794.96806pt.
File: T2.pdf Graphic file (type pdf)

<use T2.pdf, page 1>
Package pdftex.def Info: T2.pdf, page1 used on input line 259.
(pdftex.def)             Requested size: 614.58406pt x 795.3441pt.
File: T2.pdf Graphic file (type pdf)
 <use T2.pdf, page 1>
Package pdftex.def Info: T2.pdf, page1 used on input line 259.
(pdftex.def)             Requested size: 614.58406pt x 795.3441pt.
File: T2.pdf Graphic file (type pdf)
 <use T2.pdf, page 1>
Package pdftex.def Info: T2.pdf, page1 used on input line 259.
(pdftex.def)             Requested size: 614.58406pt x 795.3441pt.
File: T2.pdf Graphic file (type pdf)

<use T2.pdf, page 1>
Package pdftex.def Info: T2.pdf, page1 used on input line 259.
(pdftex.def)             Requested size: 614.58406pt x 795.3441pt.
 [31 <C:/Users/Marc-Andre/Documents/GitHub/LOG350.TP3/WpfApplication2/Rapport/T
2.pdf>] <T2.pdf, id=193, page=2, 614.295pt x 794.97pt>
File: T2.pdf Graphic file (type pdf)

<use T2.pdf, page 2>
Package pdftex.def Info: T2.pdf, page2 used on input line 259.
(pdftex.def)             Requested size: 614.58406pt x 795.3441pt.
File: T2.pdf Graphic file (type pdf)
 <use T2.pdf, page 2>
Package pdftex.def Info: T2.pdf, page2 used on input line 259.
(pdftex.def)             Requested size: 614.58406pt x 795.3441pt.
File: T2.pdf Graphic file (type pdf)
 <use T2.pdf, page 2>
Package pdftex.def Info: T2.pdf, page2 used on input line 259.
(pdftex.def)             Requested size: 614.58406pt x 795.3441pt.
 [32 <C:/Users/Marc-Andre/Documents/GitHub/LOG350.TP3/WpfApplication2/Rapport/T
2.pdf>]
<T2.pdf, id=209, page=3, 614.295pt x 794.97pt>
File: T2.pdf Graphic file (type pdf)
 <use T2.pdf, page 3>
Package pdftex.def Info: T2.pdf, page3 used on input line 259.
(pdftex.def)             Requested size: 614.58406pt x 795.3441pt.
File: T2.pdf Graphic file (type pdf)

<use T2.pdf, page 3>
Package pdftex.def Info: T2.pdf, page3 used on input line 259.
(pdftex.def)             Requested size: 614.58406pt x 795.3441pt.
File: T2.pdf Graphic file (type pdf)
 <use T2.pdf, page 3>
Package pdftex.def Info: T2.pdf, page3 used on input line 259.
(pdftex.def)             Requested size: 614.58406pt x 795.3441pt.
 [33 <C:/Users/Marc-Andre/Documents/GitHub/LOG350.TP3/WpfApplication2/Rapport/T
2.pdf>]
<T2.pdf, id=214, page=4, 614.295pt x 794.97pt>
File: T2.pdf Graphic file (type pdf)
 <use T2.pdf, page 4>
Package pdftex.def Info: T2.pdf, page4 used on input line 259.
(pdftex.def)             Requested size: 614.58406pt x 795.3441pt.
File: T2.pdf Graphic file (type pdf)

<use T2.pdf, page 4>
Package pdftex.def Info: T2.pdf, page4 used on input line 259.
(pdftex.def)             Requested size: 614.58406pt x 795.3441pt.
File: T2.pdf Graphic file (type pdf)
 <use T2.pdf, page 4>
Package pdftex.def Info: T2.pdf, page4 used on input line 259.
(pdftex.def)             Requested size: 614.58406pt x 795.3441pt.
 [34 <C:/Users/Marc-Andre/Documents/GitHub/LOG350.TP3/WpfApplication2/Rapport/T
2.pdf>]
<T2.pdf, id=227, page=5, 614.295pt x 794.97pt>
File: T2.pdf Graphic file (type pdf)
 <use T2.pdf, page 5>
Package pdftex.def Info: T2.pdf, page5 used on input line 259.
(pdftex.def)             Requested size: 614.58406pt x 795.3441pt.
File: T2.pdf Graphic file (type pdf)

<use T2.pdf, page 5>
Package pdftex.def Info: T2.pdf, page5 used on input line 259.
(pdftex.def)             Requested size: 614.58406pt x 795.3441pt.
File: T2.pdf Graphic file (type pdf)
 <use T2.pdf, page 5>
Package pdftex.def Info: T2.pdf, page5 used on input line 259.
(pdftex.def)             Requested size: 614.58406pt x 795.3441pt.
 [35 <C:/Users/Marc-Andre/Documents/GitHub/LOG350.TP3/WpfApplication2/Rapport/T
2.pdf>]
<T2.pdf, id=240, page=6, 614.295pt x 794.97pt>
File: T2.pdf Graphic file (type pdf)
 <use T2.pdf, page 6>
Package pdftex.def Info: T2.pdf, page6 used on input line 259.
(pdftex.def)             Requested size: 614.58406pt x 795.3441pt.
File: T2.pdf Graphic file (type pdf)

<use T2.pdf, page 6>
Package pdftex.def Info: T2.pdf, page6 used on input line 259.
(pdftex.def)             Requested size: 614.58406pt x 795.3441pt.
File: T2.pdf Graphic file (type pdf)
 <use T2.pdf, page 6>
Package pdftex.def Info: T2.pdf, page6 used on input line 259.
(pdftex.def)             Requested size: 614.58406pt x 795.3441pt.
 [36 <C:/Users/Marc-Andre/Documents/GitHub/LOG350.TP3/WpfApplication2/Rapport/T
2.pdf>]
<T2.pdf, id=250, page=7, 614.295pt x 794.97pt>
File: T2.pdf Graphic file (type pdf)
 <use T2.pdf, page 7>
Package pdftex.def Info: T2.pdf, page7 used on input line 259.
(pdftex.def)             Requested size: 614.58406pt x 795.3441pt.
File: T2.pdf Graphic file (type pdf)

<use T2.pdf, page 7>
Package pdftex.def Info: T2.pdf, page7 used on input line 259.
(pdftex.def)             Requested size: 614.58406pt x 795.3441pt.
File: T2.pdf Graphic file (type pdf)
 <use T2.pdf, page 7>
Package pdftex.def Info: T2.pdf, page7 used on input line 259.
(pdftex.def)             Requested size: 614.58406pt x 795.3441pt.
 [37 <C:/Users/Marc-Andre/Documents/GitHub/LOG350.TP3/WpfApplication2/Rapport/T
2.pdf>]
<T2.pdf, id=257, page=8, 614.295pt x 794.97pt>
File: T2.pdf Graphic file (type pdf)
 <use T2.pdf, page 8>
Package pdftex.def Info: T2.pdf, page8 used on input line 259.
(pdftex.def)             Requested size: 614.58406pt x 795.3441pt.
File: T2.pdf Graphic file (type pdf)

<use T2.pdf, page 8>
Package pdftex.def Info: T2.pdf, page8 used on input line 259.
(pdftex.def)             Requested size: 614.58406pt x 795.3441pt.
File: T2.pdf Graphic file (type pdf)
 <use T2.pdf, page 8>
Package pdftex.def Info: T2.pdf, page8 used on input line 259.
(pdftex.def)             Requested size: 614.58406pt x 795.3441pt.
 [38 <C:/Users/Marc-Andre/Documents/GitHub/LOG350.TP3/WpfApplication2/Rapport/T
2.pdf>]
<T2.pdf, id=262, page=9, 614.295pt x 794.97pt>
File: T2.pdf Graphic file (type pdf)
 <use T2.pdf, page 9>
Package pdftex.def Info: T2.pdf, page9 used on input line 259.
(pdftex.def)             Requested size: 614.58406pt x 795.3441pt.
File: T2.pdf Graphic file (type pdf)

<use T2.pdf, page 9>
Package pdftex.def Info: T2.pdf, page9 used on input line 259.
(pdftex.def)             Requested size: 614.58406pt x 795.3441pt.
File: T2.pdf Graphic file (type pdf)
 <use T2.pdf, page 9>
Package pdftex.def Info: T2.pdf, page9 used on input line 259.
(pdftex.def)             Requested size: 614.58406pt x 795.3441pt.
 [39 <C:/Users/Marc-Andre/Documents/GitHub/LOG350.TP3/WpfApplication2/Rapport/T
2.pdf>]
<T2.pdf, id=267, page=10, 614.295pt x 794.97pt>
File: T2.pdf Graphic file (type pdf)
 <use T2.pdf, page 10>
Package pdftex.def Info: T2.pdf, page10 used on input line 259.
(pdftex.def)             Requested size: 614.58406pt x 795.3441pt.
File: T2.pdf Graphic file (type pdf)

<use T2.pdf, page 10>
Package pdftex.def Info: T2.pdf, page10 used on input line 259.
(pdftex.def)             Requested size: 614.58406pt x 795.3441pt.
File: T2.pdf Graphic file (type pdf)
 <use T2.pdf, page 10>
Package pdftex.def Info: T2.pdf, page10 used on input line 259.
(pdftex.def)             Requested size: 614.58406pt x 795.3441pt.
 [40 <C:/Users/Marc-Andre/Documents/GitHub/LOG350.TP3/WpfApplication2/Rapport/T
2.pdf>]
<T2.pdf, id=272, page=11, 614.295pt x 794.97pt>
File: T2.pdf Graphic file (type pdf)
 <use T2.pdf, page 11>
Package pdftex.def Info: T2.pdf, page11 used on input line 259.
(pdftex.def)             Requested size: 614.58406pt x 795.3441pt.
File: T2.pdf Graphic file (type pdf)

<use T2.pdf, page 11>
Package pdftex.def Info: T2.pdf, page11 used on input line 259.
(pdftex.def)             Requested size: 614.58406pt x 795.3441pt.
File: T2.pdf Graphic file (type pdf)
 <use T2.pdf, page 11>
Package pdftex.def Info: T2.pdf, page11 used on input line 259.
(pdftex.def)             Requested size: 614.58406pt x 795.3441pt.
 [41 <C:/Users/Marc-Andre/Documents/GitHub/LOG350.TP3/WpfApplication2/Rapport/T
2.pdf>]
<T2.pdf, id=279, page=12, 614.295pt x 794.97pt>
File: T2.pdf Graphic file (type pdf)
 <use T2.pdf, page 12>
Package pdftex.def Info: T2.pdf, page12 used on input line 259.
(pdftex.def)             Requested size: 614.58406pt x 795.3441pt.
File: T2.pdf Graphic file (type pdf)

<use T2.pdf, page 12>
Package pdftex.def Info: T2.pdf, page12 used on input line 259.
(pdftex.def)             Requested size: 614.58406pt x 795.3441pt.
File: T2.pdf Graphic file (type pdf)
 <use T2.pdf, page 12>
Package pdftex.def Info: T2.pdf, page12 used on input line 259.
(pdftex.def)             Requested size: 614.58406pt x 795.3441pt.
 [42 <C:/Users/Marc-Andre/Documents/GitHub/LOG350.TP3/WpfApplication2/Rapport/T
2.pdf>]
<T2.pdf, id=286, page=13, 614.295pt x 794.97pt>
File: T2.pdf Graphic file (type pdf)
 <use T2.pdf, page 13>
Package pdftex.def Info: T2.pdf, page13 used on input line 259.
(pdftex.def)             Requested size: 614.58406pt x 795.3441pt.
File: T2.pdf Graphic file (type pdf)

<use T2.pdf, page 13>
Package pdftex.def Info: T2.pdf, page13 used on input line 259.
(pdftex.def)             Requested size: 614.58406pt x 795.3441pt.
File: T2.pdf Graphic file (type pdf)
 <use T2.pdf, page 13>
Package pdftex.def Info: T2.pdf, page13 used on input line 259.
(pdftex.def)             Requested size: 614.58406pt x 795.3441pt.
 [43 <C:/Users/Marc-Andre/Documents/GitHub/LOG350.TP3/WpfApplication2/Rapport/T
2.pdf>]
<T2.pdf, id=293, page=14, 614.295pt x 794.97pt>
File: T2.pdf Graphic file (type pdf)
 <use T2.pdf, page 14>
Package pdftex.def Info: T2.pdf, page14 used on input line 259.
(pdftex.def)             Requested size: 614.58406pt x 795.3441pt.
File: T2.pdf Graphic file (type pdf)

<use T2.pdf, page 14>
Package pdftex.def Info: T2.pdf, page14 used on input line 259.
(pdftex.def)             Requested size: 614.58406pt x 795.3441pt.
File: T2.pdf Graphic file (type pdf)
 <use T2.pdf, page 14>
Package pdftex.def Info: T2.pdf, page14 used on input line 259.
(pdftex.def)             Requested size: 614.58406pt x 795.3441pt.
 [44 <C:/Users/Marc-Andre/Documents/GitHub/LOG350.TP3/WpfApplication2/Rapport/T
2.pdf>]
<T2.pdf, id=302, page=15, 614.295pt x 794.97pt>
File: T2.pdf Graphic file (type pdf)
 <use T2.pdf, page 15>
Package pdftex.def Info: T2.pdf, page15 used on input line 259.
(pdftex.def)             Requested size: 614.58406pt x 795.3441pt.
File: T2.pdf Graphic file (type pdf)

<use T2.pdf, page 15>
Package pdftex.def Info: T2.pdf, page15 used on input line 259.
(pdftex.def)             Requested size: 614.58406pt x 795.3441pt.
File: T2.pdf Graphic file (type pdf)
 <use T2.pdf, page 15>
Package pdftex.def Info: T2.pdf, page15 used on input line 259.
(pdftex.def)             Requested size: 614.58406pt x 795.3441pt.
 [45 <C:/Users/Marc-Andre/Documents/GitHub/LOG350.TP3/WpfApplication2/Rapport/T
2.pdf>]
<T2.pdf, id=307, page=16, 614.295pt x 794.97pt>
File: T2.pdf Graphic file (type pdf)
 <use T2.pdf, page 16>
Package pdftex.def Info: T2.pdf, page16 used on input line 259.
(pdftex.def)             Requested size: 614.58406pt x 795.3441pt.
File: T2.pdf Graphic file (type pdf)

<use T2.pdf, page 16>
Package pdftex.def Info: T2.pdf, page16 used on input line 259.
(pdftex.def)             Requested size: 614.58406pt x 795.3441pt.
File: T2.pdf Graphic file (type pdf)
 <use T2.pdf, page 16>
Package pdftex.def Info: T2.pdf, page16 used on input line 259.
(pdftex.def)             Requested size: 614.58406pt x 795.3441pt.
 [46 <C:/Users/Marc-Andre/Documents/GitHub/LOG350.TP3/WpfApplication2/Rapport/T
2.pdf>]
<T2.pdf, id=313, page=17, 614.295pt x 794.97pt>
File: T2.pdf Graphic file (type pdf)
 <use T2.pdf, page 17>
Package pdftex.def Info: T2.pdf, page17 used on input line 259.
(pdftex.def)             Requested size: 614.58406pt x 795.3441pt.
File: T2.pdf Graphic file (type pdf)

<use T2.pdf, page 17>
Package pdftex.def Info: T2.pdf, page17 used on input line 259.
(pdftex.def)             Requested size: 614.58406pt x 795.3441pt.
File: T2.pdf Graphic file (type pdf)
 <use T2.pdf, page 17>
Package pdftex.def Info: T2.pdf, page17 used on input line 259.
(pdftex.def)             Requested size: 614.58406pt x 795.3441pt.
 [47 <C:/Users/Marc-Andre/Documents/GitHub/LOG350.TP3/WpfApplication2/Rapport/T
2.pdf>]
<T2.pdf, id=319, page=18, 614.295pt x 794.97pt>
File: T2.pdf Graphic file (type pdf)
 <use T2.pdf, page 18>
Package pdftex.def Info: T2.pdf, page18 used on input line 259.
(pdftex.def)             Requested size: 614.58406pt x 795.3441pt.
File: T2.pdf Graphic file (type pdf)

<use T2.pdf, page 18>
Package pdftex.def Info: T2.pdf, page18 used on input line 259.
(pdftex.def)             Requested size: 614.58406pt x 795.3441pt.
File: T2.pdf Graphic file (type pdf)
 <use T2.pdf, page 18>
Package pdftex.def Info: T2.pdf, page18 used on input line 259.
(pdftex.def)             Requested size: 614.58406pt x 795.3441pt.
 [48 <C:/Users/Marc-Andre/Documents/GitHub/LOG350.TP3/WpfApplication2/Rapport/T
2.pdf>]
<T2.pdf, id=325, page=19, 614.295pt x 794.97pt>
File: T2.pdf Graphic file (type pdf)
 <use T2.pdf, page 19>
Package pdftex.def Info: T2.pdf, page19 used on input line 259.
(pdftex.def)             Requested size: 614.58406pt x 795.3441pt.
File: T2.pdf Graphic file (type pdf)

<use T2.pdf, page 19>
Package pdftex.def Info: T2.pdf, page19 used on input line 259.
(pdftex.def)             Requested size: 614.58406pt x 795.3441pt.
File: T2.pdf Graphic file (type pdf)
 <use T2.pdf, page 19>
Package pdftex.def Info: T2.pdf, page19 used on input line 259.
(pdftex.def)             Requested size: 614.58406pt x 795.3441pt.
 [49 <C:/Users/Marc-Andre/Documents/GitHub/LOG350.TP3/WpfApplication2/Rapport/T
2.pdf>]
<T2.pdf, id=332, page=20, 614.295pt x 794.97pt>
File: T2.pdf Graphic file (type pdf)
 <use T2.pdf, page 20>
Package pdftex.def Info: T2.pdf, page20 used on input line 259.
(pdftex.def)             Requested size: 614.58406pt x 795.3441pt.
File: T2.pdf Graphic file (type pdf)

<use T2.pdf, page 20>
Package pdftex.def Info: T2.pdf, page20 used on input line 259.
(pdftex.def)             Requested size: 614.58406pt x 795.3441pt.
File: T2.pdf Graphic file (type pdf)
 <use T2.pdf, page 20>
Package pdftex.def Info: T2.pdf, page20 used on input line 259.
(pdftex.def)             Requested size: 614.58406pt x 795.3441pt.
 [50 <C:/Users/Marc-Andre/Documents/GitHub/LOG350.TP3/WpfApplication2/Rapport/T
2.pdf>]
<T2.pdf, id=337, page=21, 614.295pt x 794.97pt>
File: T2.pdf Graphic file (type pdf)
 <use T2.pdf, page 21>
Package pdftex.def Info: T2.pdf, page21 used on input line 259.
(pdftex.def)             Requested size: 614.58406pt x 795.3441pt.
File: T2.pdf Graphic file (type pdf)

<use T2.pdf, page 21>
Package pdftex.def Info: T2.pdf, page21 used on input line 259.
(pdftex.def)             Requested size: 614.58406pt x 795.3441pt.
File: T2.pdf Graphic file (type pdf)
 <use T2.pdf, page 21>
Package pdftex.def Info: T2.pdf, page21 used on input line 259.
(pdftex.def)             Requested size: 614.58406pt x 795.3441pt.
 [51 <C:/Users/Marc-Andre/Documents/GitHub/LOG350.TP3/WpfApplication2/Rapport/T
2.pdf>]
<T2.pdf, id=343, page=22, 614.295pt x 794.97pt>
File: T2.pdf Graphic file (type pdf)
 <use T2.pdf, page 22>
Package pdftex.def Info: T2.pdf, page22 used on input line 259.
(pdftex.def)             Requested size: 614.58406pt x 795.3441pt.
File: T2.pdf Graphic file (type pdf)

<use T2.pdf, page 22>
Package pdftex.def Info: T2.pdf, page22 used on input line 259.
(pdftex.def)             Requested size: 614.58406pt x 795.3441pt.
File: T2.pdf Graphic file (type pdf)
 <use T2.pdf, page 22>
Package pdftex.def Info: T2.pdf, page22 used on input line 259.
(pdftex.def)             Requested size: 614.58406pt x 795.3441pt.
 [52 <C:/Users/Marc-Andre/Documents/GitHub/LOG350.TP3/WpfApplication2/Rapport/T
2.pdf>]
<T2.pdf, id=349, page=23, 614.295pt x 794.97pt>
File: T2.pdf Graphic file (type pdf)
 <use T2.pdf, page 23>
Package pdftex.def Info: T2.pdf, page23 used on input line 259.
(pdftex.def)             Requested size: 614.58406pt x 795.3441pt.
File: T2.pdf Graphic file (type pdf)

<use T2.pdf, page 23>
Package pdftex.def Info: T2.pdf, page23 used on input line 259.
(pdftex.def)             Requested size: 614.58406pt x 795.3441pt.
File: T2.pdf Graphic file (type pdf)
 <use T2.pdf, page 23>
Package pdftex.def Info: T2.pdf, page23 used on input line 259.
(pdftex.def)             Requested size: 614.58406pt x 795.3441pt.
 [53 <C:/Users/Marc-Andre/Documents/GitHub/LOG350.TP3/WpfApplication2/Rapport/T
2.pdf>]
(C:\Users\Marc-Andre\Documents\GitHub\LOG350.TP3\WpfApplication2\Rapport\rappor
t.aux) ) 
Here is how much of TeX's memory you used:
 8163 strings out of 494045
 115078 string characters out of 3143151
 204539 words of memory out of 3000000
 11290 multiletter control sequences out of 15000+200000
 25717 words of font info for 48 fonts, out of 3000000 for 9000
 715 hyphenation exceptions out of 8191
 43i,18n,45p,795b,418s stack positions out of 5000i,500n,10000p,200000b,50000s
{D:/Program Files (x86)/New folder/fonts/enc/dvips/fontname/8r.enc}<D:/
Program Files (x86)/New folder/fonts/type1/public/amsfonts/cm/cmsy6.pfb><D:/Pro
gram Files (x86)/New folder/fonts/type1/urw/times/utmb8a.pfb><D:/Program Files 
(x86)/New folder/fonts/type1/urw/times/utmr8a.pfb><D:/Program Files (x86)/New f
older/fonts/type1/urw/times/utmri8a.pfb>
Output written on rapport.pdf (53 pages, 1021553 bytes).
PDF statistics:
 367 PDF objects out of 1000 (max. 8388607)
 0 named destinations out of 1000 (max. 500000)
 201 words of extra memory for PDF output out of 10000 (max. 10000000)

